<?xml version="1.0" encoding="UTF-8"?>
<testng-results ignored="0" total="1" passed="1" failed="0" skipped="0">
  <reporter-output>
  </reporter-output>
  <suite started-at="2024-01-07T12:04:21 IST" name="Default suite" finished-at="2024-01-07T12:04:40 IST" duration-ms="19072">
    <groups>
    </groups>
    <test started-at="2024-01-07T12:04:21 IST" name="Default test" finished-at="2024-01-07T12:04:40 IST" duration-ms="19072">
      <class name="TestNgDemo.Screenshot">
        <test-method signature="capture()[pri:0, instance:TestNgDemo.Screenshot@4466af20]" started-at="2024-01-07T12:04:21 IST" name="capture" finished-at="2024-01-07T12:04:40 IST" duration-ms="18857" status="PASS">
          <reporter-output>
          </reporter-output>
        </test-method> <!-- capture -->
      </class> <!-- TestNgDemo.Screenshot -->
    </test> <!-- Default test -->
  </suite> <!-- Default suite -->
</testng-results>
